--------------------------------------------------------------------------------
Release 14.7 Trace  (nt)
Copyright (c) 1995-2013 Xilinx, Inc.  All rights reserved.

F:\Xilinx\14.7\ISE_DS\ISE\bin\nt\unwrapped\trce.exe -intstyle ise -v 3 -s 2 -n
3 -fastpaths -xml bcd_7_seg.twx bcd_7_seg.ncd -o bcd_7_seg.twr bcd_7_seg.pcf
-ucf bcd_7seg.ucf

Design file:              bcd_7_seg.ncd
Physical constraint file: bcd_7_seg.pcf
Device,package,speed:     xc6slx9,tqg144,C,-2 (PRODUCTION 1.23 2013-10-13)
Report level:             verbose report

Environment Variable      Effect 
--------------------      ------ 
NONE                      No environment variables were set
--------------------------------------------------------------------------------

INFO:Timing:2698 - No timing constraints found, doing default enumeration.
INFO:Timing:3412 - To improve timing, see the Timing Closure User Guide (UG612).
INFO:Timing:2752 - To get complete path coverage, use the unconstrained paths 
   option. All paths that are not constrained will be reported in the 
   unconstrained paths section(s) of the report.
INFO:Timing:3339 - The clock-to-out numbers in this timing report are based on 
   a 50 Ohm transmission line loading model.  For the details of this model, 
   and for more information on accounting for different loading conditions, 
   please see the device datasheet.



Data Sheet report:
-----------------
All values displayed in nanoseconds (ns)

Pad to Pad
---------------+---------------+---------+
Source Pad     |Destination Pad|  Delay  |
---------------+---------------+---------+
a              |y0             |   11.530|
a              |y1             |   11.215|
a              |y2             |   12.263|
a              |y3             |   12.334|
a              |y4             |   12.305|
a              |y5             |   12.581|
a              |y6             |   12.465|
b              |y0             |   11.859|
b              |y1             |   11.361|
b              |y2             |   12.409|
b              |y3             |   12.663|
b              |y4             |   12.369|
b              |y5             |   12.645|
b              |y6             |   12.375|
c              |y0             |   11.497|
c              |y1             |   10.932|
c              |y2             |   11.980|
c              |y3             |   12.301|
c              |y4             |   12.323|
c              |y5             |   12.599|
c              |y6             |   12.431|
d              |y0             |   11.574|
d              |y1             |   11.550|
d              |y2             |   12.598|
d              |y3             |   12.378|
d              |y4             |   12.713|
d              |y5             |   12.989|
d              |y6             |   12.684|
---------------+---------------+---------+


Analysis completed Thu Sep 03 15:43:42 2020 
--------------------------------------------------------------------------------

Trace Settings:
-------------------------
Trace Settings 

Peak Memory Usage: 166 MB



